<?xml version="1.0" encoding="UTF-8"?>
<!-- Generated by org.testng.reporters.JUnitReportReporter -->
<testsuite hostname="Aayans-MacBook-Air.local" failures="0" tests="1" name="Testcase.github" time="34.768" errors="0" timestamp="2024-02-12T23:00:32 IST" skipped="0">
  <testcase classname="Testcase.github" name="geturl" time="34.768"/>
</testsuite> <!-- Testcase.github -->
